<?xml version="1.0" encoding="UTF-8"?>
<!-- Generated by org.testng.reporters.JUnitReportReporter -->
<testsuite hostname="rajarajput" failures="0" tests="5" name="Test.LoginTest" time="11.595" errors="0" timestamp="2024-05-26T00:48:38 IST" skipped="0">
  <testcase classname="Test.LoginTest" name="Login_TestCase_Without_Enteringdata" time="0.250"/>
  <system-out/>
  <testcase classname="Test.LoginTest" name="Login_TestCase_inavlid_username_invalid_password" time="2.135"/>
  <system-out/>
  <testcase classname="Test.LoginTest" name="Login_TestCase_valid_username_invalid_password" time="1.924"/>
  <system-out/>
  <testcase classname="Test.LoginTest" name="Login_TestCase_invalid_username_valid_password" time="1.983"/>
  <system-out/>
  <testcase classname="Test.LoginTest" name="Login_TestCase_valid_username_valid_password" time="5.303"/>
  <system-out/>
</testsuite> <!-- Test.LoginTest -->
