<?xml version="1.0" encoding="UTF-8"?>
<!-- Generated by org.testng.reporters.JUnitReportReporter -->
<testsuite hostname="rajarajput" failures="0" tests="8" name="Test.View_ReportTest" time="15.661" errors="0" timestamp="2024-05-26T03:50:13 IST" skipped="0">
  <testcase classname="Test.View_ReportTest" name="Login_Enterdata_valid_username_Valid_Password_Click_Loginbtn" time="5.131"/>
  <system-out/>
  <testcase classname="Test.View_ReportTest" name="View_Report_Move_to_Rrport_Dropdown" time="3.538"/>
  <system-out/>
  <testcase classname="Test.View_ReportTest" name="Switch_to_iframe_Access_Select_drop_Id" time="0.479"/>
  <system-out/>
  <testcase classname="Test.View_ReportTest" name="EnterId_Search_for_textBox" time="0.208"/>
  <system-out/>
  <testcase classname="Test.View_ReportTest" name="Click_Search_Button_Access_Id" time="1.954"/>
  <system-out/>
  <testcase classname="Test.View_ReportTest" name="Click_Reset_Button_Clear_Id" time="0.234"/>
  <system-out/>
  <testcase classname="Test.View_ReportTest" name="Click_Link_Text_newrpoet" time="2.065"/>
  <system-out/>
  <testcase classname="Test.View_ReportTest" name="Click_Back_Button_Reverse_View_ReportEmployee" time="2.052"/>
  <system-out/>
</testsuite> <!-- Test.View_ReportTest -->
